<?xml version="1.0" encoding="UTF-8" standalone="yes"?>
<testsuites name="Fuse Complete Orders" time="110" tests="6" failures="0" errors="0">
    <testsuite name="Fuse Complete Orders" tests="6" failures="0" errors="0" time="110" timestamp="2019-05-29 10:26:49" hostname="Clearlink - 10.1.76.234" id="Test Suites/Fuse Complete Orders">
        <properties>
            <property name="deviceName" value=""/>
            <property name="devicePlatform" value=""/>
            <property name="logFolder" value="/Users/Clearlink/Katalon Studio/Aim/Reports/Fuse Complete Orders/20190529_102647"/>
            <property name="logFiles" value="/Users/Clearlink/Katalon Studio/Aim/Reports/Fuse Complete Orders/20190529_102647/execution0.log"/>
            <property name="attachments" value=""/>
            <property name="hostName" value="Clearlink - 10.1.76.234"/>
            <property name="os" value="Mac OS X 64bit"/>
            <property name="katalonVersion" value="6.1.5.3"/>
            <property name="browser" value="Chrome 74.0.3729.169"/>
            <property name="hostAddress" value="10.1.76.234"/>
            <property name="sessionId" value="7dc6852a7eb2a2e61246b8ae13192e33"/>
            <property name="seleniumVersion" value="3.7.1"/>
            <property name="proxyInformation" value="ProxyInformation{proxyOption=NO_PROXY, proxyServerType=HTTP, password=, proxyServerAddress=, proxyServerPort=0}"/>
            <property name="platform" value="Mac OS X"/>
        </properties>
        <testcase name="Test Cases/Fuse/Embarq" classname="Test Cases/Fuse/Embarq" status="PASSED">
            <system-out>2019-05-29 10:26:49 - [TEST_CASE][PASSED] - Test Cases/Fuse/Embarq: Test Cases/Fuse/Embarq

2019-05-29 10:26:49 - [TEST_STEP][PASSED] - openBrowser("http://uatfuse.clearlink.com"): Browser is opened with url: 'http://uatfuse.clearlink.com'

2019-05-29 10:26:50 - [MESSAGE][INFO] - Starting 'Chrome' driver

2019-05-29 10:26:50 - [MESSAGE][INFO] - Action delay is set to 0 seconds

2019-05-29 10:26:54 - [MESSAGE][PASSED] - Browser is opened with url: 'http://uatfuse.clearlink.com'

2019-05-29 10:26:54 - [TEST_STEP][PASSED] - setText(findTestObject("Page_Clearlink Authentication/input_to Insurance_usr"), "scott.patterson@clearlink.com"): Text 'scott.patterson@clearlink.com' is set on object 'Object Repository/Page_Clearlink Authentication/input_to Insurance_usr'

2019-05-29 10:26:54 - [MESSAGE][PASSED] - Text 'scott.patterson@clearlink.com' is set on object 'Object Repository/Page_Clearlink Authentication/input_to Insurance_usr'

2019-05-29 10:26:54 - [TEST_STEP][PASSED] - setText(findTestObject("Page_Clearlink Authentication/input_to Insurance_pwd"), "Homer4ver"): Text 'Homer4ver' is set on object 'Object Repository/Page_Clearlink Authentication/input_to Insurance_pwd'

2019-05-29 10:26:54 - [MESSAGE][PASSED] - Text 'Homer4ver' is set on object 'Object Repository/Page_Clearlink Authentication/input_to Insurance_pwd'

2019-05-29 10:26:54 - [TEST_STEP][PASSED] - click(findTestObject("Page_Clearlink Authentication/button_Login")): Object: 'Object Repository/Page_Clearlink Authentication/button_Login' is clicked on

2019-05-29 10:26:58 - [MESSAGE][PASSED] - Object: 'Object Repository/Page_Clearlink Authentication/button_Login' is clicked on

2019-05-29 10:26:58 - [TEST_STEP][PASSED] - click(findTestObject("Page_ Fuse (Scott Patterson)/a_ENCR")): Object: 'Object Repository/Page_ Fuse (Scott Patterson)/a_ENCR' is clicked on

2019-05-29 10:26:58 - [MESSAGE][PASSED] - Object: 'Object Repository/Page_ Fuse (Scott Patterson)/a_ENCR' is clicked on

2019-05-29 10:26:58 - [TEST_STEP][PASSED] - switchToWindowIndex(1): Switched to window with index: '1'

2019-05-29 10:26:58 - [MESSAGE][PASSED] - Switched to window with index: '1'

2019-05-29 10:26:58 - [TEST_STEP][PASSED] - setText(findTestObject("Page_ Fuse (Scott Patterson)/input_Street Address _customer_addresses_primary_line1"), Address1): Text '592 E. Channel Dr.' is set on object 'Object Repository/Page_ Fuse (Scott Patterson)/input_Street Address _customer_addresses_primary_line1'

2019-05-29 10:27:01 - [MESSAGE][PASSED] - Text '592 E. Channel Dr.' is set on object 'Object Repository/Page_ Fuse (Scott Patterson)/input_Street Address _customer_addresses_primary_line1'

2019-05-29 10:27:01 - [TEST_STEP][PASSED] - setText(findTestObject("Page_ Fuse (Scott Patterson)/input_First Name _customer_first_name"), firstname): Text 'Scott' is set on object 'Object Repository/Page_ Fuse (Scott Patterson)/input_First Name _customer_first_name'

2019-05-29 10:27:02 - [MESSAGE][PASSED] - Text 'Scott' is set on object 'Object Repository/Page_ Fuse (Scott Patterson)/input_First Name _customer_first_name'

2019-05-29 10:27:02 - [TEST_STEP][PASSED] - setText(findTestObject("Page_ Fuse (Scott Patterson)/input_Last Name _customer_last_name"), lastname): Text 'Patterson' is set on object 'Object Repository/Page_ Fuse (Scott Patterson)/input_Last Name _customer_last_name'

2019-05-29 10:27:02 - [MESSAGE][PASSED] - Text 'Patterson' is set on object 'Object Repository/Page_ Fuse (Scott Patterson)/input_Last Name _customer_last_name'

2019-05-29 10:27:02 - [TEST_STEP][PASSED] - setText(findTestObject("Page_ Fuse (Scott Patterson)/input_ZipPostal Code _customer_addresses_primary_postal_code"), canadianzip): Text 'a1a1a1' is set on object 'Object Repository/Page_ Fuse (Scott Patterson)/input_ZipPostal Code _customer_addresses_primary_postal_code'

2019-05-29 10:27:02 - [MESSAGE][PASSED] - Text 'a1a1a1' is set on object 'Object Repository/Page_ Fuse (Scott Patterson)/input_ZipPostal Code _customer_addresses_primary_postal_code'

2019-05-29 10:27:02 - [TEST_STEP][PASSED] - selectOptionByIndex(findTestObject("Page_ Fuse (Scott Patterson)/select_AlbertaBritish ColumbiaManitobaNew BrunswickNewfoundland and LabradorNorthwest TerritoriesNova ScotiaNunavutOntarioPrince Edward IslandQuebecSaskatchewanYukon"), 2): All options with index in [2] are selected on object 'Object Repository/Page_ Fuse (Scott Patterson)/select_AlbertaBritish ColumbiaManitobaNew BrunswickNewfoundland and LabradorNorthwest TerritoriesNova ScotiaNunavutOntarioPrince Edward IslandQuebecSaskatchewanYukon'

2019-05-29 10:27:02 - [MESSAGE][PASSED] - All options with index in [2] are selected on object 'Object Repository/Page_ Fuse (Scott Patterson)/select_AlbertaBritish ColumbiaManitobaNew BrunswickNewfoundland and LabradorNorthwest TerritoriesNova ScotiaNunavutOntarioPrince Edward IslandQuebecSaskatchewanYukon'

2019-05-29 10:27:02 - [TEST_STEP][PASSED] - OPTIONAL: null

2019-05-29 10:27:02 - [TEST_STEP][PASSED] - click(findTestObject("Page_ Fuse (Scott Patterson)/label_Yes")): Object: 'Object Repository/Page_ Fuse (Scott Patterson)/label_Yes' is clicked on

2019-05-29 10:27:02 - [MESSAGE][PASSED] - Object: 'Object Repository/Page_ Fuse (Scott Patterson)/label_Yes' is clicked on

2019-05-29 10:27:02 - [TEST_STEP][PASSED] - setText(findTestObject("Page_ Fuse (Scott Patterson)/input_City _customer_addresses_primary_city"), "Townsville"): Text 'Townsville' is set on object 'Object Repository/Page_ Fuse (Scott Patterson)/input_City _customer_addresses_primary_city'

2019-05-29 10:27:03 - [MESSAGE][PASSED] - Text 'Townsville' is set on object 'Object Repository/Page_ Fuse (Scott Patterson)/input_City _customer_addresses_primary_city'

2019-05-29 10:27:03 - [TEST_STEP][PASSED] - setText(findTestObject("Page_ Fuse (Scott Patterson)/input_Email _customer_email"), "test@mail.com"): Text 'test@mail.com' is set on object 'Object Repository/Page_ Fuse (Scott Patterson)/input_Email _customer_email'

2019-05-29 10:27:03 - [MESSAGE][PASSED] - Text 'test@mail.com' is set on object 'Object Repository/Page_ Fuse (Scott Patterson)/input_Email _customer_email'

2019-05-29 10:27:03 - [TEST_STEP][PASSED] - delay(5): Delayed 5 second(s)

2019-05-29 10:27:08 - [MESSAGE][PASSED] - Delayed 5 second(s)

2019-05-29 10:27:08 - [TEST_STEP][PASSED] - click(findTestObject("EncrFolder/Page_ Fuse (Scott Patterson)/button_Next Encr")): Object: 'Object Repository/EncrFolder/Page_ Fuse (Scott Patterson)/button_Next Encr' is clicked on

2019-05-29 10:27:08 - [MESSAGE][PASSED] - Object: 'Object Repository/EncrFolder/Page_ Fuse (Scott Patterson)/button_Next Encr' is clicked on</system-out>
            <system-err></system-err>
        </testcase>
        <testcase name="Test Cases/Fuse/Embarq" classname="Test Cases/Fuse/Embarq" status="PASSED">
            <system-out>2019-05-29 10:27:08 - [TEST_CASE][PASSED] - Test Cases/Fuse/Embarq: Test Cases/Fuse/Embarq

2019-05-29 10:27:08 - [TEST_STEP][PASSED] - openBrowser("http://uatfuse.clearlink.com"): Browser is opened with url: 'http://uatfuse.clearlink.com'

2019-05-29 10:27:08 - [MESSAGE][WARNING] - A browser is already opened. Closing browser and opening a new one

2019-05-29 10:27:08 - [MESSAGE][INFO] - Starting 'Chrome' driver

2019-05-29 10:27:12 - [MESSAGE][PASSED] - Browser is opened with url: 'http://uatfuse.clearlink.com'

2019-05-29 10:27:12 - [TEST_STEP][PASSED] - setText(findTestObject("Page_Clearlink Authentication/input_to Insurance_usr"), "scott.patterson@clearlink.com"): Text 'scott.patterson@clearlink.com' is set on object 'Object Repository/Page_Clearlink Authentication/input_to Insurance_usr'

2019-05-29 10:27:12 - [MESSAGE][PASSED] - Text 'scott.patterson@clearlink.com' is set on object 'Object Repository/Page_Clearlink Authentication/input_to Insurance_usr'

2019-05-29 10:27:12 - [TEST_STEP][PASSED] - setText(findTestObject("Page_Clearlink Authentication/input_to Insurance_pwd"), "Homer4ver"): Text 'Homer4ver' is set on object 'Object Repository/Page_Clearlink Authentication/input_to Insurance_pwd'

2019-05-29 10:27:12 - [MESSAGE][PASSED] - Text 'Homer4ver' is set on object 'Object Repository/Page_Clearlink Authentication/input_to Insurance_pwd'

2019-05-29 10:27:12 - [TEST_STEP][PASSED] - click(findTestObject("Page_Clearlink Authentication/button_Login")): Object: 'Object Repository/Page_Clearlink Authentication/button_Login' is clicked on

2019-05-29 10:27:16 - [MESSAGE][PASSED] - Object: 'Object Repository/Page_Clearlink Authentication/button_Login' is clicked on

2019-05-29 10:27:16 - [TEST_STEP][PASSED] - click(findTestObject("Page_ Fuse (Scott Patterson)/a_ENCR")): Object: 'Object Repository/Page_ Fuse (Scott Patterson)/a_ENCR' is clicked on

2019-05-29 10:27:17 - [MESSAGE][PASSED] - Object: 'Object Repository/Page_ Fuse (Scott Patterson)/a_ENCR' is clicked on

2019-05-29 10:27:17 - [TEST_STEP][PASSED] - switchToWindowIndex(1): Switched to window with index: '1'

2019-05-29 10:27:17 - [MESSAGE][PASSED] - Switched to window with index: '1'

2019-05-29 10:27:17 - [TEST_STEP][PASSED] - setText(findTestObject("Page_ Fuse (Scott Patterson)/input_Street Address _customer_addresses_primary_line1"), Address1): Text '3005 N. Foothill Dr. ' is set on object 'Object Repository/Page_ Fuse (Scott Patterson)/input_Street Address _customer_addresses_primary_line1'

2019-05-29 10:27:20 - [MESSAGE][PASSED] - Text '3005 N. Foothill Dr. ' is set on object 'Object Repository/Page_ Fuse (Scott Patterson)/input_Street Address _customer_addresses_primary_line1'

2019-05-29 10:27:20 - [TEST_STEP][PASSED] - setText(findTestObject("Page_ Fuse (Scott Patterson)/input_First Name _customer_first_name"), firstname): Text 'Steve' is set on object 'Object Repository/Page_ Fuse (Scott Patterson)/input_First Name _customer_first_name'

2019-05-29 10:27:20 - [MESSAGE][PASSED] - Text 'Steve' is set on object 'Object Repository/Page_ Fuse (Scott Patterson)/input_First Name _customer_first_name'

2019-05-29 10:27:20 - [TEST_STEP][PASSED] - setText(findTestObject("Page_ Fuse (Scott Patterson)/input_Last Name _customer_last_name"), lastname): Text 'Dalzan' is set on object 'Object Repository/Page_ Fuse (Scott Patterson)/input_Last Name _customer_last_name'

2019-05-29 10:27:20 - [MESSAGE][PASSED] - Text 'Dalzan' is set on object 'Object Repository/Page_ Fuse (Scott Patterson)/input_Last Name _customer_last_name'

2019-05-29 10:27:20 - [TEST_STEP][PASSED] - setText(findTestObject("Page_ Fuse (Scott Patterson)/input_ZipPostal Code _customer_addresses_primary_postal_code"), canadianzip): Text 'a1a1a1' is set on object 'Object Repository/Page_ Fuse (Scott Patterson)/input_ZipPostal Code _customer_addresses_primary_postal_code'

2019-05-29 10:27:21 - [MESSAGE][PASSED] - Text 'a1a1a1' is set on object 'Object Repository/Page_ Fuse (Scott Patterson)/input_ZipPostal Code _customer_addresses_primary_postal_code'

2019-05-29 10:27:21 - [TEST_STEP][PASSED] - selectOptionByIndex(findTestObject("Page_ Fuse (Scott Patterson)/select_AlbertaBritish ColumbiaManitobaNew BrunswickNewfoundland and LabradorNorthwest TerritoriesNova ScotiaNunavutOntarioPrince Edward IslandQuebecSaskatchewanYukon"), 2): All options with index in [2] are selected on object 'Object Repository/Page_ Fuse (Scott Patterson)/select_AlbertaBritish ColumbiaManitobaNew BrunswickNewfoundland and LabradorNorthwest TerritoriesNova ScotiaNunavutOntarioPrince Edward IslandQuebecSaskatchewanYukon'

2019-05-29 10:27:21 - [MESSAGE][PASSED] - All options with index in [2] are selected on object 'Object Repository/Page_ Fuse (Scott Patterson)/select_AlbertaBritish ColumbiaManitobaNew BrunswickNewfoundland and LabradorNorthwest TerritoriesNova ScotiaNunavutOntarioPrince Edward IslandQuebecSaskatchewanYukon'

2019-05-29 10:27:21 - [TEST_STEP][PASSED] - OPTIONAL: null

2019-05-29 10:27:21 - [TEST_STEP][PASSED] - click(findTestObject("Page_ Fuse (Scott Patterson)/label_Yes")): Object: 'Object Repository/Page_ Fuse (Scott Patterson)/label_Yes' is clicked on

2019-05-29 10:27:21 - [MESSAGE][PASSED] - Object: 'Object Repository/Page_ Fuse (Scott Patterson)/label_Yes' is clicked on

2019-05-29 10:27:21 - [TEST_STEP][PASSED] - setText(findTestObject("Page_ Fuse (Scott Patterson)/input_City _customer_addresses_primary_city"), "Townsville"): Text 'Townsville' is set on object 'Object Repository/Page_ Fuse (Scott Patterson)/input_City _customer_addresses_primary_city'

2019-05-29 10:27:21 - [MESSAGE][PASSED] - Text 'Townsville' is set on object 'Object Repository/Page_ Fuse (Scott Patterson)/input_City _customer_addresses_primary_city'

2019-05-29 10:27:21 - [TEST_STEP][PASSED] - setText(findTestObject("Page_ Fuse (Scott Patterson)/input_Email _customer_email"), "test@mail.com"): Text 'test@mail.com' is set on object 'Object Repository/Page_ Fuse (Scott Patterson)/input_Email _customer_email'

2019-05-29 10:27:22 - [MESSAGE][PASSED] - Text 'test@mail.com' is set on object 'Object Repository/Page_ Fuse (Scott Patterson)/input_Email _customer_email'

2019-05-29 10:27:22 - [TEST_STEP][PASSED] - delay(5): Delayed 5 second(s)

2019-05-29 10:27:27 - [MESSAGE][PASSED] - Delayed 5 second(s)

2019-05-29 10:27:27 - [TEST_STEP][PASSED] - click(findTestObject("EncrFolder/Page_ Fuse (Scott Patterson)/button_Next Encr")): Object: 'Object Repository/EncrFolder/Page_ Fuse (Scott Patterson)/button_Next Encr' is clicked on

2019-05-29 10:27:27 - [MESSAGE][PASSED] - Object: 'Object Repository/EncrFolder/Page_ Fuse (Scott Patterson)/button_Next Encr' is clicked on</system-out>
            <system-err></system-err>
        </testcase>
        <testcase name="Test Cases/Fuse/Embarq" classname="Test Cases/Fuse/Embarq" status="PASSED">
            <system-out>2019-05-29 10:27:27 - [TEST_CASE][PASSED] - Test Cases/Fuse/Embarq: Test Cases/Fuse/Embarq

2019-05-29 10:27:27 - [TEST_STEP][PASSED] - openBrowser("http://uatfuse.clearlink.com"): Browser is opened with url: 'http://uatfuse.clearlink.com'

2019-05-29 10:27:27 - [MESSAGE][WARNING] - A browser is already opened. Closing browser and opening a new one

2019-05-29 10:27:27 - [MESSAGE][INFO] - Starting 'Chrome' driver

2019-05-29 10:27:30 - [MESSAGE][PASSED] - Browser is opened with url: 'http://uatfuse.clearlink.com'

2019-05-29 10:27:30 - [TEST_STEP][PASSED] - setText(findTestObject("Page_Clearlink Authentication/input_to Insurance_usr"), "scott.patterson@clearlink.com"): Text 'scott.patterson@clearlink.com' is set on object 'Object Repository/Page_Clearlink Authentication/input_to Insurance_usr'

2019-05-29 10:27:30 - [MESSAGE][PASSED] - Text 'scott.patterson@clearlink.com' is set on object 'Object Repository/Page_Clearlink Authentication/input_to Insurance_usr'

2019-05-29 10:27:30 - [TEST_STEP][PASSED] - setText(findTestObject("Page_Clearlink Authentication/input_to Insurance_pwd"), "Homer4ver"): Text 'Homer4ver' is set on object 'Object Repository/Page_Clearlink Authentication/input_to Insurance_pwd'

2019-05-29 10:27:31 - [MESSAGE][PASSED] - Text 'Homer4ver' is set on object 'Object Repository/Page_Clearlink Authentication/input_to Insurance_pwd'

2019-05-29 10:27:31 - [TEST_STEP][PASSED] - click(findTestObject("Page_Clearlink Authentication/button_Login")): Object: 'Object Repository/Page_Clearlink Authentication/button_Login' is clicked on

2019-05-29 10:27:34 - [MESSAGE][PASSED] - Object: 'Object Repository/Page_Clearlink Authentication/button_Login' is clicked on

2019-05-29 10:27:34 - [TEST_STEP][PASSED] - click(findTestObject("Page_ Fuse (Scott Patterson)/a_ENCR")): Object: 'Object Repository/Page_ Fuse (Scott Patterson)/a_ENCR' is clicked on

2019-05-29 10:27:35 - [MESSAGE][PASSED] - Object: 'Object Repository/Page_ Fuse (Scott Patterson)/a_ENCR' is clicked on

2019-05-29 10:27:35 - [TEST_STEP][PASSED] - switchToWindowIndex(1): Switched to window with index: '1'

2019-05-29 10:27:35 - [MESSAGE][PASSED] - Switched to window with index: '1'

2019-05-29 10:27:35 - [TEST_STEP][PASSED] - setText(findTestObject("Page_ Fuse (Scott Patterson)/input_Street Address _customer_addresses_primary_line1"), Address1): Text '532 westeros' is set on object 'Object Repository/Page_ Fuse (Scott Patterson)/input_Street Address _customer_addresses_primary_line1'

2019-05-29 10:27:38 - [MESSAGE][PASSED] - Text '532 westeros' is set on object 'Object Repository/Page_ Fuse (Scott Patterson)/input_Street Address _customer_addresses_primary_line1'

2019-05-29 10:27:38 - [TEST_STEP][PASSED] - setText(findTestObject("Page_ Fuse (Scott Patterson)/input_First Name _customer_first_name"), firstname): Text 'Mike' is set on object 'Object Repository/Page_ Fuse (Scott Patterson)/input_First Name _customer_first_name'

2019-05-29 10:27:38 - [MESSAGE][PASSED] - Text 'Mike' is set on object 'Object Repository/Page_ Fuse (Scott Patterson)/input_First Name _customer_first_name'

2019-05-29 10:27:38 - [TEST_STEP][PASSED] - setText(findTestObject("Page_ Fuse (Scott Patterson)/input_Last Name _customer_last_name"), lastname): Text 'Smith' is set on object 'Object Repository/Page_ Fuse (Scott Patterson)/input_Last Name _customer_last_name'

2019-05-29 10:27:38 - [MESSAGE][PASSED] - Text 'Smith' is set on object 'Object Repository/Page_ Fuse (Scott Patterson)/input_Last Name _customer_last_name'

2019-05-29 10:27:38 - [TEST_STEP][PASSED] - setText(findTestObject("Page_ Fuse (Scott Patterson)/input_ZipPostal Code _customer_addresses_primary_postal_code"), canadianzip): Text 'a1a1a1' is set on object 'Object Repository/Page_ Fuse (Scott Patterson)/input_ZipPostal Code _customer_addresses_primary_postal_code'

2019-05-29 10:27:38 - [MESSAGE][PASSED] - Text 'a1a1a1' is set on object 'Object Repository/Page_ Fuse (Scott Patterson)/input_ZipPostal Code _customer_addresses_primary_postal_code'

2019-05-29 10:27:38 - [TEST_STEP][PASSED] - selectOptionByIndex(findTestObject("Page_ Fuse (Scott Patterson)/select_AlbertaBritish ColumbiaManitobaNew BrunswickNewfoundland and LabradorNorthwest TerritoriesNova ScotiaNunavutOntarioPrince Edward IslandQuebecSaskatchewanYukon"), 2): All options with index in [2] are selected on object 'Object Repository/Page_ Fuse (Scott Patterson)/select_AlbertaBritish ColumbiaManitobaNew BrunswickNewfoundland and LabradorNorthwest TerritoriesNova ScotiaNunavutOntarioPrince Edward IslandQuebecSaskatchewanYukon'

2019-05-29 10:27:38 - [MESSAGE][PASSED] - All options with index in [2] are selected on object 'Object Repository/Page_ Fuse (Scott Patterson)/select_AlbertaBritish ColumbiaManitobaNew BrunswickNewfoundland and LabradorNorthwest TerritoriesNova ScotiaNunavutOntarioPrince Edward IslandQuebecSaskatchewanYukon'

2019-05-29 10:27:38 - [TEST_STEP][PASSED] - OPTIONAL: null

2019-05-29 10:27:38 - [TEST_STEP][PASSED] - click(findTestObject("Page_ Fuse (Scott Patterson)/label_Yes")): Object: 'Object Repository/Page_ Fuse (Scott Patterson)/label_Yes' is clicked on

2019-05-29 10:27:39 - [MESSAGE][PASSED] - Object: 'Object Repository/Page_ Fuse (Scott Patterson)/label_Yes' is clicked on

2019-05-29 10:27:39 - [TEST_STEP][PASSED] - setText(findTestObject("Page_ Fuse (Scott Patterson)/input_City _customer_addresses_primary_city"), "Townsville"): Text 'Townsville' is set on object 'Object Repository/Page_ Fuse (Scott Patterson)/input_City _customer_addresses_primary_city'

2019-05-29 10:27:39 - [MESSAGE][PASSED] - Text 'Townsville' is set on object 'Object Repository/Page_ Fuse (Scott Patterson)/input_City _customer_addresses_primary_city'

2019-05-29 10:27:39 - [TEST_STEP][PASSED] - setText(findTestObject("Page_ Fuse (Scott Patterson)/input_Email _customer_email"), "test@mail.com"): Text 'test@mail.com' is set on object 'Object Repository/Page_ Fuse (Scott Patterson)/input_Email _customer_email'

2019-05-29 10:27:39 - [MESSAGE][PASSED] - Text 'test@mail.com' is set on object 'Object Repository/Page_ Fuse (Scott Patterson)/input_Email _customer_email'

2019-05-29 10:27:39 - [TEST_STEP][PASSED] - delay(5): Delayed 5 second(s)

2019-05-29 10:27:44 - [MESSAGE][PASSED] - Delayed 5 second(s)

2019-05-29 10:27:44 - [TEST_STEP][PASSED] - click(findTestObject("EncrFolder/Page_ Fuse (Scott Patterson)/button_Next Encr")): Object: 'Object Repository/EncrFolder/Page_ Fuse (Scott Patterson)/button_Next Encr' is clicked on

2019-05-29 10:27:44 - [MESSAGE][PASSED] - Object: 'Object Repository/EncrFolder/Page_ Fuse (Scott Patterson)/button_Next Encr' is clicked on</system-out>
            <system-err></system-err>
        </testcase>
        <testcase name="Test Cases/Fuse/Embarq" classname="Test Cases/Fuse/Embarq" status="PASSED">
            <system-out>2019-05-29 10:27:44 - [TEST_CASE][PASSED] - Test Cases/Fuse/Embarq: Test Cases/Fuse/Embarq

2019-05-29 10:27:44 - [TEST_STEP][PASSED] - openBrowser("http://uatfuse.clearlink.com"): Browser is opened with url: 'http://uatfuse.clearlink.com'

2019-05-29 10:27:44 - [MESSAGE][WARNING] - A browser is already opened. Closing browser and opening a new one

2019-05-29 10:27:45 - [MESSAGE][INFO] - Starting 'Chrome' driver

2019-05-29 10:27:48 - [MESSAGE][PASSED] - Browser is opened with url: 'http://uatfuse.clearlink.com'

2019-05-29 10:27:48 - [TEST_STEP][PASSED] - setText(findTestObject("Page_Clearlink Authentication/input_to Insurance_usr"), "scott.patterson@clearlink.com"): Text 'scott.patterson@clearlink.com' is set on object 'Object Repository/Page_Clearlink Authentication/input_to Insurance_usr'

2019-05-29 10:27:49 - [MESSAGE][PASSED] - Text 'scott.patterson@clearlink.com' is set on object 'Object Repository/Page_Clearlink Authentication/input_to Insurance_usr'

2019-05-29 10:27:49 - [TEST_STEP][PASSED] - setText(findTestObject("Page_Clearlink Authentication/input_to Insurance_pwd"), "Homer4ver"): Text 'Homer4ver' is set on object 'Object Repository/Page_Clearlink Authentication/input_to Insurance_pwd'

2019-05-29 10:27:49 - [MESSAGE][PASSED] - Text 'Homer4ver' is set on object 'Object Repository/Page_Clearlink Authentication/input_to Insurance_pwd'

2019-05-29 10:27:49 - [TEST_STEP][PASSED] - click(findTestObject("Page_Clearlink Authentication/button_Login")): Object: 'Object Repository/Page_Clearlink Authentication/button_Login' is clicked on

2019-05-29 10:27:53 - [MESSAGE][PASSED] - Object: 'Object Repository/Page_Clearlink Authentication/button_Login' is clicked on

2019-05-29 10:27:53 - [TEST_STEP][PASSED] - click(findTestObject("Page_ Fuse (Scott Patterson)/a_ENCR")): Object: 'Object Repository/Page_ Fuse (Scott Patterson)/a_ENCR' is clicked on

2019-05-29 10:27:53 - [MESSAGE][PASSED] - Object: 'Object Repository/Page_ Fuse (Scott Patterson)/a_ENCR' is clicked on

2019-05-29 10:27:53 - [TEST_STEP][PASSED] - switchToWindowIndex(1): Switched to window with index: '1'

2019-05-29 10:27:53 - [MESSAGE][PASSED] - Switched to window with index: '1'

2019-05-29 10:27:53 - [TEST_STEP][PASSED] - setText(findTestObject("Page_ Fuse (Scott Patterson)/input_Street Address _customer_addresses_primary_line1"), Address1): Text '123 W. 744 E. ' is set on object 'Object Repository/Page_ Fuse (Scott Patterson)/input_Street Address _customer_addresses_primary_line1'

2019-05-29 10:27:56 - [MESSAGE][PASSED] - Text '123 W. 744 E. ' is set on object 'Object Repository/Page_ Fuse (Scott Patterson)/input_Street Address _customer_addresses_primary_line1'

2019-05-29 10:27:56 - [TEST_STEP][PASSED] - setText(findTestObject("Page_ Fuse (Scott Patterson)/input_First Name _customer_first_name"), firstname): Text 'Tim' is set on object 'Object Repository/Page_ Fuse (Scott Patterson)/input_First Name _customer_first_name'

2019-05-29 10:27:56 - [MESSAGE][PASSED] - Text 'Tim' is set on object 'Object Repository/Page_ Fuse (Scott Patterson)/input_First Name _customer_first_name'

2019-05-29 10:27:56 - [TEST_STEP][PASSED] - setText(findTestObject("Page_ Fuse (Scott Patterson)/input_Last Name _customer_last_name"), lastname): Text 'Freestone' is set on object 'Object Repository/Page_ Fuse (Scott Patterson)/input_Last Name _customer_last_name'

2019-05-29 10:27:57 - [MESSAGE][PASSED] - Text 'Freestone' is set on object 'Object Repository/Page_ Fuse (Scott Patterson)/input_Last Name _customer_last_name'

2019-05-29 10:27:57 - [TEST_STEP][PASSED] - setText(findTestObject("Page_ Fuse (Scott Patterson)/input_ZipPostal Code _customer_addresses_primary_postal_code"), canadianzip): Text 'a1a1a1' is set on object 'Object Repository/Page_ Fuse (Scott Patterson)/input_ZipPostal Code _customer_addresses_primary_postal_code'

2019-05-29 10:27:57 - [MESSAGE][PASSED] - Text 'a1a1a1' is set on object 'Object Repository/Page_ Fuse (Scott Patterson)/input_ZipPostal Code _customer_addresses_primary_postal_code'

2019-05-29 10:27:57 - [TEST_STEP][PASSED] - selectOptionByIndex(findTestObject("Page_ Fuse (Scott Patterson)/select_AlbertaBritish ColumbiaManitobaNew BrunswickNewfoundland and LabradorNorthwest TerritoriesNova ScotiaNunavutOntarioPrince Edward IslandQuebecSaskatchewanYukon"), 2): All options with index in [2] are selected on object 'Object Repository/Page_ Fuse (Scott Patterson)/select_AlbertaBritish ColumbiaManitobaNew BrunswickNewfoundland and LabradorNorthwest TerritoriesNova ScotiaNunavutOntarioPrince Edward IslandQuebecSaskatchewanYukon'

2019-05-29 10:27:57 - [MESSAGE][PASSED] - All options with index in [2] are selected on object 'Object Repository/Page_ Fuse (Scott Patterson)/select_AlbertaBritish ColumbiaManitobaNew BrunswickNewfoundland and LabradorNorthwest TerritoriesNova ScotiaNunavutOntarioPrince Edward IslandQuebecSaskatchewanYukon'

2019-05-29 10:27:57 - [TEST_STEP][PASSED] - OPTIONAL: null

2019-05-29 10:27:57 - [TEST_STEP][PASSED] - click(findTestObject("Page_ Fuse (Scott Patterson)/label_Yes")): Object: 'Object Repository/Page_ Fuse (Scott Patterson)/label_Yes' is clicked on

2019-05-29 10:27:57 - [MESSAGE][PASSED] - Object: 'Object Repository/Page_ Fuse (Scott Patterson)/label_Yes' is clicked on

2019-05-29 10:27:57 - [TEST_STEP][PASSED] - setText(findTestObject("Page_ Fuse (Scott Patterson)/input_City _customer_addresses_primary_city"), "Townsville"): Text 'Townsville' is set on object 'Object Repository/Page_ Fuse (Scott Patterson)/input_City _customer_addresses_primary_city'

2019-05-29 10:27:57 - [MESSAGE][PASSED] - Text 'Townsville' is set on object 'Object Repository/Page_ Fuse (Scott Patterson)/input_City _customer_addresses_primary_city'

2019-05-29 10:27:57 - [TEST_STEP][PASSED] - setText(findTestObject("Page_ Fuse (Scott Patterson)/input_Email _customer_email"), "test@mail.com"): Text 'test@mail.com' is set on object 'Object Repository/Page_ Fuse (Scott Patterson)/input_Email _customer_email'

2019-05-29 10:27:58 - [MESSAGE][PASSED] - Text 'test@mail.com' is set on object 'Object Repository/Page_ Fuse (Scott Patterson)/input_Email _customer_email'

2019-05-29 10:27:58 - [TEST_STEP][PASSED] - delay(5): Delayed 5 second(s)

2019-05-29 10:28:03 - [MESSAGE][PASSED] - Delayed 5 second(s)

2019-05-29 10:28:03 - [TEST_STEP][PASSED] - click(findTestObject("EncrFolder/Page_ Fuse (Scott Patterson)/button_Next Encr")): Object: 'Object Repository/EncrFolder/Page_ Fuse (Scott Patterson)/button_Next Encr' is clicked on

2019-05-29 10:28:03 - [MESSAGE][PASSED] - Object: 'Object Repository/EncrFolder/Page_ Fuse (Scott Patterson)/button_Next Encr' is clicked on</system-out>
            <system-err></system-err>
        </testcase>
        <testcase name="Test Cases/Fuse/Embarq" classname="Test Cases/Fuse/Embarq" status="PASSED">
            <system-out>2019-05-29 10:28:03 - [TEST_CASE][PASSED] - Test Cases/Fuse/Embarq: Test Cases/Fuse/Embarq

2019-05-29 10:28:03 - [TEST_STEP][PASSED] - openBrowser("http://uatfuse.clearlink.com"): Browser is opened with url: 'http://uatfuse.clearlink.com'

2019-05-29 10:28:03 - [MESSAGE][WARNING] - A browser is already opened. Closing browser and opening a new one

2019-05-29 10:28:03 - [MESSAGE][INFO] - Starting 'Chrome' driver

2019-05-29 10:28:06 - [MESSAGE][PASSED] - Browser is opened with url: 'http://uatfuse.clearlink.com'

2019-05-29 10:28:06 - [TEST_STEP][PASSED] - setText(findTestObject("Page_Clearlink Authentication/input_to Insurance_usr"), "scott.patterson@clearlink.com"): Text 'scott.patterson@clearlink.com' is set on object 'Object Repository/Page_Clearlink Authentication/input_to Insurance_usr'

2019-05-29 10:28:07 - [MESSAGE][PASSED] - Text 'scott.patterson@clearlink.com' is set on object 'Object Repository/Page_Clearlink Authentication/input_to Insurance_usr'

2019-05-29 10:28:07 - [TEST_STEP][PASSED] - setText(findTestObject("Page_Clearlink Authentication/input_to Insurance_pwd"), "Homer4ver"): Text 'Homer4ver' is set on object 'Object Repository/Page_Clearlink Authentication/input_to Insurance_pwd'

2019-05-29 10:28:07 - [MESSAGE][PASSED] - Text 'Homer4ver' is set on object 'Object Repository/Page_Clearlink Authentication/input_to Insurance_pwd'

2019-05-29 10:28:07 - [TEST_STEP][PASSED] - click(findTestObject("Page_Clearlink Authentication/button_Login")): Object: 'Object Repository/Page_Clearlink Authentication/button_Login' is clicked on

2019-05-29 10:28:10 - [MESSAGE][PASSED] - Object: 'Object Repository/Page_Clearlink Authentication/button_Login' is clicked on

2019-05-29 10:28:10 - [TEST_STEP][PASSED] - click(findTestObject("Page_ Fuse (Scott Patterson)/a_ENCR")): Object: 'Object Repository/Page_ Fuse (Scott Patterson)/a_ENCR' is clicked on

2019-05-29 10:28:11 - [MESSAGE][PASSED] - Object: 'Object Repository/Page_ Fuse (Scott Patterson)/a_ENCR' is clicked on

2019-05-29 10:28:11 - [TEST_STEP][PASSED] - switchToWindowIndex(1): Switched to window with index: '1'

2019-05-29 10:28:11 - [MESSAGE][PASSED] - Switched to window with index: '1'

2019-05-29 10:28:11 - [TEST_STEP][PASSED] - setText(findTestObject("Page_ Fuse (Scott Patterson)/input_Street Address _customer_addresses_primary_line1"), Address1): Text 'Fake Street 1234' is set on object 'Object Repository/Page_ Fuse (Scott Patterson)/input_Street Address _customer_addresses_primary_line1'

2019-05-29 10:28:14 - [MESSAGE][PASSED] - Text 'Fake Street 1234' is set on object 'Object Repository/Page_ Fuse (Scott Patterson)/input_Street Address _customer_addresses_primary_line1'

2019-05-29 10:28:14 - [TEST_STEP][PASSED] - setText(findTestObject("Page_ Fuse (Scott Patterson)/input_First Name _customer_first_name"), firstname): Text 'Jake' is set on object 'Object Repository/Page_ Fuse (Scott Patterson)/input_First Name _customer_first_name'

2019-05-29 10:28:14 - [MESSAGE][PASSED] - Text 'Jake' is set on object 'Object Repository/Page_ Fuse (Scott Patterson)/input_First Name _customer_first_name'

2019-05-29 10:28:14 - [TEST_STEP][PASSED] - setText(findTestObject("Page_ Fuse (Scott Patterson)/input_Last Name _customer_last_name"), lastname): Text 'Harmon' is set on object 'Object Repository/Page_ Fuse (Scott Patterson)/input_Last Name _customer_last_name'

2019-05-29 10:28:15 - [MESSAGE][PASSED] - Text 'Harmon' is set on object 'Object Repository/Page_ Fuse (Scott Patterson)/input_Last Name _customer_last_name'

2019-05-29 10:28:15 - [TEST_STEP][PASSED] - setText(findTestObject("Page_ Fuse (Scott Patterson)/input_ZipPostal Code _customer_addresses_primary_postal_code"), canadianzip): Text 'a1a1a1' is set on object 'Object Repository/Page_ Fuse (Scott Patterson)/input_ZipPostal Code _customer_addresses_primary_postal_code'

2019-05-29 10:28:15 - [MESSAGE][PASSED] - Text 'a1a1a1' is set on object 'Object Repository/Page_ Fuse (Scott Patterson)/input_ZipPostal Code _customer_addresses_primary_postal_code'

2019-05-29 10:28:15 - [TEST_STEP][PASSED] - selectOptionByIndex(findTestObject("Page_ Fuse (Scott Patterson)/select_AlbertaBritish ColumbiaManitobaNew BrunswickNewfoundland and LabradorNorthwest TerritoriesNova ScotiaNunavutOntarioPrince Edward IslandQuebecSaskatchewanYukon"), 2): All options with index in [2] are selected on object 'Object Repository/Page_ Fuse (Scott Patterson)/select_AlbertaBritish ColumbiaManitobaNew BrunswickNewfoundland and LabradorNorthwest TerritoriesNova ScotiaNunavutOntarioPrince Edward IslandQuebecSaskatchewanYukon'

2019-05-29 10:28:15 - [MESSAGE][PASSED] - All options with index in [2] are selected on object 'Object Repository/Page_ Fuse (Scott Patterson)/select_AlbertaBritish ColumbiaManitobaNew BrunswickNewfoundland and LabradorNorthwest TerritoriesNova ScotiaNunavutOntarioPrince Edward IslandQuebecSaskatchewanYukon'

2019-05-29 10:28:15 - [TEST_STEP][PASSED] - OPTIONAL: null

2019-05-29 10:28:15 - [TEST_STEP][PASSED] - click(findTestObject("Page_ Fuse (Scott Patterson)/label_Yes")): Object: 'Object Repository/Page_ Fuse (Scott Patterson)/label_Yes' is clicked on

2019-05-29 10:28:15 - [MESSAGE][PASSED] - Object: 'Object Repository/Page_ Fuse (Scott Patterson)/label_Yes' is clicked on

2019-05-29 10:28:15 - [TEST_STEP][PASSED] - setText(findTestObject("Page_ Fuse (Scott Patterson)/input_City _customer_addresses_primary_city"), "Townsville"): Text 'Townsville' is set on object 'Object Repository/Page_ Fuse (Scott Patterson)/input_City _customer_addresses_primary_city'

2019-05-29 10:28:15 - [MESSAGE][PASSED] - Text 'Townsville' is set on object 'Object Repository/Page_ Fuse (Scott Patterson)/input_City _customer_addresses_primary_city'

2019-05-29 10:28:15 - [TEST_STEP][PASSED] - setText(findTestObject("Page_ Fuse (Scott Patterson)/input_Email _customer_email"), "test@mail.com"): Text 'test@mail.com' is set on object 'Object Repository/Page_ Fuse (Scott Patterson)/input_Email _customer_email'

2019-05-29 10:28:16 - [MESSAGE][PASSED] - Text 'test@mail.com' is set on object 'Object Repository/Page_ Fuse (Scott Patterson)/input_Email _customer_email'

2019-05-29 10:28:16 - [TEST_STEP][PASSED] - delay(5): Delayed 5 second(s)

2019-05-29 10:28:21 - [MESSAGE][PASSED] - Delayed 5 second(s)

2019-05-29 10:28:21 - [TEST_STEP][PASSED] - click(findTestObject("EncrFolder/Page_ Fuse (Scott Patterson)/button_Next Encr")): Object: 'Object Repository/EncrFolder/Page_ Fuse (Scott Patterson)/button_Next Encr' is clicked on

2019-05-29 10:28:21 - [MESSAGE][PASSED] - Object: 'Object Repository/EncrFolder/Page_ Fuse (Scott Patterson)/button_Next Encr' is clicked on</system-out>
            <system-err></system-err>
        </testcase>
        <testcase name="Test Cases/Fuse/Embarq" classname="Test Cases/Fuse/Embarq" status="PASSED">
            <system-out>2019-05-29 10:28:21 - [TEST_CASE][PASSED] - Test Cases/Fuse/Embarq: Test Cases/Fuse/Embarq

2019-05-29 10:28:21 - [TEST_STEP][PASSED] - openBrowser("http://uatfuse.clearlink.com"): Browser is opened with url: 'http://uatfuse.clearlink.com'

2019-05-29 10:28:21 - [MESSAGE][WARNING] - A browser is already opened. Closing browser and opening a new one

2019-05-29 10:28:21 - [MESSAGE][INFO] - Starting 'Chrome' driver

2019-05-29 10:28:26 - [MESSAGE][PASSED] - Browser is opened with url: 'http://uatfuse.clearlink.com'

2019-05-29 10:28:26 - [TEST_STEP][PASSED] - setText(findTestObject("Page_Clearlink Authentication/input_to Insurance_usr"), "scott.patterson@clearlink.com"): Text 'scott.patterson@clearlink.com' is set on object 'Object Repository/Page_Clearlink Authentication/input_to Insurance_usr'

2019-05-29 10:28:26 - [MESSAGE][PASSED] - Text 'scott.patterson@clearlink.com' is set on object 'Object Repository/Page_Clearlink Authentication/input_to Insurance_usr'

2019-05-29 10:28:26 - [TEST_STEP][PASSED] - setText(findTestObject("Page_Clearlink Authentication/input_to Insurance_pwd"), "Homer4ver"): Text 'Homer4ver' is set on object 'Object Repository/Page_Clearlink Authentication/input_to Insurance_pwd'

2019-05-29 10:28:26 - [MESSAGE][PASSED] - Text 'Homer4ver' is set on object 'Object Repository/Page_Clearlink Authentication/input_to Insurance_pwd'

2019-05-29 10:28:26 - [TEST_STEP][PASSED] - click(findTestObject("Page_Clearlink Authentication/button_Login")): Object: 'Object Repository/Page_Clearlink Authentication/button_Login' is clicked on

2019-05-29 10:28:30 - [MESSAGE][PASSED] - Object: 'Object Repository/Page_Clearlink Authentication/button_Login' is clicked on

2019-05-29 10:28:30 - [TEST_STEP][PASSED] - click(findTestObject("Page_ Fuse (Scott Patterson)/a_ENCR")): Object: 'Object Repository/Page_ Fuse (Scott Patterson)/a_ENCR' is clicked on

2019-05-29 10:28:30 - [MESSAGE][PASSED] - Object: 'Object Repository/Page_ Fuse (Scott Patterson)/a_ENCR' is clicked on

2019-05-29 10:28:30 - [TEST_STEP][PASSED] - switchToWindowIndex(1): Switched to window with index: '1'

2019-05-29 10:28:30 - [MESSAGE][PASSED] - Switched to window with index: '1'

2019-05-29 10:28:30 - [TEST_STEP][PASSED] - setText(findTestObject("Page_ Fuse (Scott Patterson)/input_Street Address _customer_addresses_primary_line1"), Address1): Text '3456 3444 ' is set on object 'Object Repository/Page_ Fuse (Scott Patterson)/input_Street Address _customer_addresses_primary_line1'

2019-05-29 10:28:33 - [MESSAGE][PASSED] - Text '3456 3444 ' is set on object 'Object Repository/Page_ Fuse (Scott Patterson)/input_Street Address _customer_addresses_primary_line1'

2019-05-29 10:28:33 - [TEST_STEP][PASSED] - setText(findTestObject("Page_ Fuse (Scott Patterson)/input_First Name _customer_first_name"), firstname): Text 'Bob' is set on object 'Object Repository/Page_ Fuse (Scott Patterson)/input_First Name _customer_first_name'

2019-05-29 10:28:34 - [MESSAGE][PASSED] - Text 'Bob' is set on object 'Object Repository/Page_ Fuse (Scott Patterson)/input_First Name _customer_first_name'

2019-05-29 10:28:34 - [TEST_STEP][PASSED] - setText(findTestObject("Page_ Fuse (Scott Patterson)/input_Last Name _customer_last_name"), lastname): Text 'Hill' is set on object 'Object Repository/Page_ Fuse (Scott Patterson)/input_Last Name _customer_last_name'

2019-05-29 10:28:34 - [MESSAGE][PASSED] - Text 'Hill' is set on object 'Object Repository/Page_ Fuse (Scott Patterson)/input_Last Name _customer_last_name'

2019-05-29 10:28:34 - [TEST_STEP][PASSED] - setText(findTestObject("Page_ Fuse (Scott Patterson)/input_ZipPostal Code _customer_addresses_primary_postal_code"), canadianzip): Text 'a1a1a1' is set on object 'Object Repository/Page_ Fuse (Scott Patterson)/input_ZipPostal Code _customer_addresses_primary_postal_code'

2019-05-29 10:28:34 - [MESSAGE][PASSED] - Text 'a1a1a1' is set on object 'Object Repository/Page_ Fuse (Scott Patterson)/input_ZipPostal Code _customer_addresses_primary_postal_code'

2019-05-29 10:28:34 - [TEST_STEP][PASSED] - selectOptionByIndex(findTestObject("Page_ Fuse (Scott Patterson)/select_AlbertaBritish ColumbiaManitobaNew BrunswickNewfoundland and LabradorNorthwest TerritoriesNova ScotiaNunavutOntarioPrince Edward IslandQuebecSaskatchewanYukon"), 2): All options with index in [2] are selected on object 'Object Repository/Page_ Fuse (Scott Patterson)/select_AlbertaBritish ColumbiaManitobaNew BrunswickNewfoundland and LabradorNorthwest TerritoriesNova ScotiaNunavutOntarioPrince Edward IslandQuebecSaskatchewanYukon'

2019-05-29 10:28:34 - [MESSAGE][PASSED] - All options with index in [2] are selected on object 'Object Repository/Page_ Fuse (Scott Patterson)/select_AlbertaBritish ColumbiaManitobaNew BrunswickNewfoundland and LabradorNorthwest TerritoriesNova ScotiaNunavutOntarioPrince Edward IslandQuebecSaskatchewanYukon'

2019-05-29 10:28:34 - [TEST_STEP][PASSED] - OPTIONAL: null

2019-05-29 10:28:34 - [TEST_STEP][PASSED] - click(findTestObject("Page_ Fuse (Scott Patterson)/label_Yes")): Object: 'Object Repository/Page_ Fuse (Scott Patterson)/label_Yes' is clicked on

2019-05-29 10:28:34 - [MESSAGE][PASSED] - Object: 'Object Repository/Page_ Fuse (Scott Patterson)/label_Yes' is clicked on

2019-05-29 10:28:34 - [TEST_STEP][PASSED] - setText(findTestObject("Page_ Fuse (Scott Patterson)/input_City _customer_addresses_primary_city"), "Townsville"): Text 'Townsville' is set on object 'Object Repository/Page_ Fuse (Scott Patterson)/input_City _customer_addresses_primary_city'

2019-05-29 10:28:34 - [MESSAGE][PASSED] - Text 'Townsville' is set on object 'Object Repository/Page_ Fuse (Scott Patterson)/input_City _customer_addresses_primary_city'

2019-05-29 10:28:34 - [TEST_STEP][PASSED] - setText(findTestObject("Page_ Fuse (Scott Patterson)/input_Email _customer_email"), "test@mail.com"): Text 'test@mail.com' is set on object 'Object Repository/Page_ Fuse (Scott Patterson)/input_Email _customer_email'

2019-05-29 10:28:35 - [MESSAGE][PASSED] - Text 'test@mail.com' is set on object 'Object Repository/Page_ Fuse (Scott Patterson)/input_Email _customer_email'

2019-05-29 10:28:35 - [TEST_STEP][PASSED] - delay(5): Delayed 5 second(s)

2019-05-29 10:28:40 - [MESSAGE][PASSED] - Delayed 5 second(s)

2019-05-29 10:28:40 - [TEST_STEP][PASSED] - click(findTestObject("EncrFolder/Page_ Fuse (Scott Patterson)/button_Next Encr")): Object: 'Object Repository/EncrFolder/Page_ Fuse (Scott Patterson)/button_Next Encr' is clicked on

2019-05-29 10:28:40 - [MESSAGE][PASSED] - Object: 'Object Repository/EncrFolder/Page_ Fuse (Scott Patterson)/button_Next Encr' is clicked on</system-out>
            <system-err></system-err>
        </testcase>
        <system-out>2019-05-29 10:26:49 - [TEST_SUITE][INCOMPLETE] - Fuse Complete Orders: null</system-out>
        <system-err>2019-05-29 10:26:49 - [TEST_SUITE][INCOMPLETE] - Fuse Complete Orders: null</system-err>
    </testsuite>
</testsuites>
