<?xml version="1.0" encoding="UTF-8"?>
<testsuites name="Aim" time="0" tests="0" failures="0" errors="0">
   <testsuite name="Aim" tests="0" failures="0" errors="0" time="0" timestamp="2019-05-14 14:58:04" hostname="Clearlink - 10.1.77.209" id="Test Suites/Aim">
      <properties>
         <property name="deviceName" value=""/>
         <property name="devicePlatform" value=""/>
         <property name="logFolder" value="/Users/Clearlink/Katalon Studio/Aim/Reports/Aim/20190514_145802"/>
         <property name="logFiles" value="/Users/Clearlink/Katalon Studio/Aim/Reports/Aim/20190514_145802/execution0.log"/>
         <property name="attachments" value=""/>
         <property name="hostName" value="Clearlink - 10.1.77.209"/>
         <property name="hostAddress" value="10.1.77.209"/>
         <property name="os" value="Mac OS X 64bit"/>
         <property name="katalonVersion" value="6.0.6.4"/>
      </properties>
      <system-out><![CDATA[2019-05-14 14:58:04 - [TEST_SUITE][PASSED] - Aim: null]]></system-out>
      <system-err><![CDATA[]]></system-err>
   </testsuite>
</testsuites>
